13-12-18 12:43:39 [INFO] Initializing watcher...
13-12-18 12:43:39 [[94mTRAC[0m] Directory([93m/root/proj/weican/src/weican/controllers[0m)
13-12-18 12:43:39 [[94mTRAC[0m] Directory([93m/root/proj/weican/src/weican/models[0m)
13-12-18 12:43:39 [[94mTRAC[0m] Directory([93m/root/proj/weican/src/weican[0m)
13-12-18 12:43:39 [INFO] Start building...
13-12-18 12:43:45 [[92mSUCC[0m] Build was successful
13-12-18 12:43:45 [INFO] Restarting weican ...
13-12-18 12:43:45 [INFO] ./weican is running...
2013/12/18 12:43:45 [I] Running on :8080
13-12-18 12:47:29 [INFO] Initializing watcher...
13-12-18 12:47:29 [[94mTRAC[0m] Directory([93m/root/proj/weican/src/weican/controllers[0m)
13-12-18 12:47:29 [[94mTRAC[0m] Directory([93m/root/proj/weican/src/weican/models[0m)
13-12-18 12:47:29 [[94mTRAC[0m] Directory([93m/root/proj/weican/src/weican[0m)
13-12-18 12:47:29 [INFO] Start building...
13-12-18 12:47:32 [[92mSUCC[0m] Build was successful
13-12-18 12:47:32 [INFO] Restarting weican ...
13-12-18 12:47:32 [INFO] ./weican is running...
2013/12/18 12:47:32 [I] Running on :80
2013/12/18 12:47:32 [C] Admin ListenAndServe: %!(EXTRA *net.OpError=listen tcp 127.0.0.1:8088: bind: address already in use)
13-12-18 02:15:58 [INFO] Initializing watcher...
13-12-18 02:15:58 [[94mTRAC[0m] Directory([93m/root/proj/weican/src/weican/controllers[0m)
13-12-18 02:15:58 [[94mTRAC[0m] Directory([93m/root/proj/weican/src/weican/models[0m)
13-12-18 02:15:58 [[94mTRAC[0m] Directory([93m/root/proj/weican/src/weican[0m)
13-12-18 02:15:58 [INFO] Start building...
13-12-18 02:16:01 [[92mSUCC[0m] Build was successful
13-12-18 02:16:01 [INFO] Restarting weican ...
13-12-18 02:16:01 [INFO] ./weican is running...
2013/12/18 14:16:01 [I] Running on :80
2013/12/18 14:16:01 [C] ListenAndServe: %!(EXTRA *net.OpError=listen tcp :80: bind: address already in use)
2013/12/18 14:16:01 [C] Admin ListenAndServe: %!(EXTRA *net.OpError=listen tcp 127.0.0.1:8088: bind: address already in use)
13-12-18 02:16:18 [INFO] Initializing watcher...
13-12-18 02:16:18 [[94mTRAC[0m] Directory([93m/root/proj/weican/src/weican/controllers[0m)
13-12-18 02:16:18 [[94mTRAC[0m] Directory([93m/root/proj/weican/src/weican/models[0m)
13-12-18 02:16:18 [[94mTRAC[0m] Directory([93m/root/proj/weican/src/weican[0m)
13-12-18 02:16:18 [INFO] Start building...
13-12-18 02:16:21 [[92mSUCC[0m] Build was successful
13-12-18 02:16:21 [INFO] Restarting weican ...
13-12-18 02:16:21 [INFO] ./weican is running...
2013/12/18 14:16:21 [I] Running on :80
2013/12/18 14:16:21 [C] ListenAndServe: %!(EXTRA *net.OpError=listen tcp :80: bind: address already in use)
2013/12/18 14:16:21 [C] Admin ListenAndServe: %!(EXTRA *net.OpError=listen tcp 127.0.0.1:8088: bind: address already in use)
13-12-18 02:16:34 [INFO] Initializing watcher...
13-12-18 02:16:34 [[94mTRAC[0m] Directory([93m/root/proj/weican/src/weican/controllers[0m)
13-12-18 02:16:34 [[94mTRAC[0m] Directory([93m/root/proj/weican/src/weican/models[0m)
13-12-18 02:16:34 [[94mTRAC[0m] Directory([93m/root/proj/weican/src/weican[0m)
13-12-18 02:16:34 [INFO] Start building...
13-12-18 02:16:37 [[92mSUCC[0m] Build was successful
13-12-18 02:16:37 [INFO] Restarting weican ...
13-12-18 02:16:37 [INFO] ./weican is running...
2013/12/18 14:16:37 [I] Running on :80
2013/12/18 14:16:37 [C] ListenAndServe: %!(EXTRA *net.OpError=listen tcp :80: bind: address already in use)
2013/12/18 14:16:37 [C] Admin ListenAndServe: %!(EXTRA *net.OpError=listen tcp 127.0.0.1:8088: bind: address already in use)
13-12-18 02:16:54 [INFO] Initializing watcher...
13-12-18 02:16:54 [[94mTRAC[0m] Directory([93m/root/proj/weican/src/weican/controllers[0m)
13-12-18 02:16:54 [[94mTRAC[0m] Directory([93m/root/proj/weican/src/weican/models[0m)
13-12-18 02:16:54 [[94mTRAC[0m] Directory([93m/root/proj/weican/src/weican[0m)
13-12-18 02:16:54 [INFO] Start building...
13-12-18 02:16:56 [[92mSUCC[0m] Build was successful
13-12-18 02:16:56 [INFO] Restarting weican ...
13-12-18 02:16:56 [INFO] ./weican is running...
2013/12/18 14:16:56 [I] Running on :80
2013/12/18 14:16:56 [C] ListenAndServe: %!(EXTRA *net.OpError=listen tcp :80: bind: address already in use)
2013/12/18 14:16:56 [C] Admin ListenAndServe: %!(EXTRA *net.OpError=listen tcp 127.0.0.1:8088: bind: address already in use)
